{"message":"::1 - - [22/Feb/2019:02:29:06 +0000] \"GET /pagamentos HTTP/1.1\" 200 959\n","level":"info"}
{"message":"Consultando pagamento: 6","level":"info"}
{"message":"::1 - - [22/Feb/2019:02:29:27 +0000] \"GET /pagamentos/pagamento/6 HTTP/1.1\" - -\n","level":"info"}
{"message":"::1 - - [22/Feb/2019:19:46:13 +0000] \"GET /pagamentos HTTP/1.1\" 200 959\n","level":"info"}
{"message":"::1 - - [22/Feb/2019:19:50:29 +0000] \"GET /pagamentos HTTP/1.1\" 200 959\n","level":"info"}
{"message":"::1 - - [22/Feb/2019:19:50:42 +0000] \"POST /pagamentos/pagamento HTTP/1.1\" 201 373\n","level":"info"}
{"message":"::1 - - [22/Feb/2019:19:50:46 +0000] \"GET /pagamentos HTTP/1.1\" 200 1120\n","level":"info"}
{"message":"::1 - - [22/Feb/2019:19:51:06 +0000] \"POST /pagamentos/pagamento HTTP/1.1\" 201 373\n","level":"info"}
{"message":"::1 - - [22/Feb/2019:19:51:11 +0000] \"GET /pagamentos HTTP/1.1\" 200 1281\n","level":"info"}
{"message":"::1 - - [22/Feb/2019:19:51:20 +0000] \"DELETE /pagamentos/pagamento/3 HTTP/1.1\" 204 -\n","level":"info"}
{"message":"::1 - - [22/Feb/2019:19:51:22 +0000] \"GET /pagamentos HTTP/1.1\" 200 1284\n","level":"info"}
{"message":"::1 - - [22/Feb/2019:19:52:41 +0000] \"GET /pagamentos HTTP/1.1\" 200 1284\n","level":"info"}
{"message":"::1 - - [22/Feb/2019:19:52:46 +0000] \"PUT /pagamentos/pagamento/4 HTTP/1.1\" 200 32\n","level":"info"}
{"message":"::1 - - [22/Feb/2019:19:52:50 +0000] \"GET /pagamentos HTTP/1.1\" 200 1288\n","level":"info"}
{"message":"::1 - - [22/Feb/2019:19:52:55 +0000] \"GET /pagamentos HTTP/1.1\" 200 1288\n","level":"info"}
{"message":"Consultando pagamento: 6","level":"info"}
{"message":"::1 - - [22/Feb/2019:19:53:05 +0000] \"GET /pagamentos/pagamento/6 HTTP/1.1\" - -\n","level":"info"}
{"message":"::1 - - [22/Feb/2019:19:54:29 +0000] \"GET /pagamentos HTTP/1.1\" 200 1288\n","level":"info"}
{"message":"::1 - - [22/Feb/2019:19:54:35 +0000] \"DELETE /pagamentos/pagamento/r HTTP/1.1\" 204 -\n","level":"info"}
{"message":"::1 - - [22/Feb/2019:19:54:39 +0000] \"DELETE /pagamentos/pagamento/5 HTTP/1.1\" 204 -\n","level":"info"}
{"message":"::1 - - [22/Feb/2019:19:59:27 +0000] \"GET /pagamentos HTTP/1.1\" 200 1291\n","level":"info"}
{"message":"::1 - - [22/Feb/2019:19:59:37 +0000] \"PUT /pagamentos/pagamento/6 HTTP/1.1\" 200 32\n","level":"info"}
{"message":"::1 - - [22/Feb/2019:19:59:41 +0000] \"GET /pagamentos HTTP/1.1\" 200 1295\n","level":"info"}
{"message":"::1 - - [22/Feb/2019:20:01:56 +0000] \"POST /pagamentos/pagamento HTTP/1.1\" 400 1124\n","level":"info"}
{"message":"::1 - - [22/Feb/2019:20:02:05 +0000] \"POST /pagamentos/pagamento HTTP/1.1\" 201 373\n","level":"info"}
{"message":"::1 - - [22/Feb/2019:20:02:17 +0000] \"POST /pagamentos/pagamento HTTP/1.1\" 500 69\n","level":"info"}
{"message":"::1 - - [22/Feb/2019:20:06:12 +0000] \"GET /pagamentos HTTP/1.1\" 200 1456\n","level":"info"}
{"message":"::1 - - [22/Feb/2019:20:06:24 +0000] \"GET /pagamentos HTTP/1.1\" 200 1456\n","level":"info"}
{"message":"::1 - - [22/Feb/2019:20:06:29 +0000] \"DELETE /pagamentos/pagamento/2 HTTP/1.1\" 204 -\n","level":"info"}
{"message":"::1 - - [22/Feb/2019:20:06:32 +0000] \"PUT /pagamentos/pagamento/3 HTTP/1.1\" 200 32\n","level":"info"}
{"message":"::1 - - [22/Feb/2019:20:06:34 +0000] \"GET /pagamentos HTTP/1.1\" 200 1460\n","level":"info"}
{"message":"::ffff:10.10.10.115 - - [26/Feb/2019:03:51:41 +0000] \"GET / HTTP/1.1\" 200 34\n","level":"info"}
{"message":"::ffff:10.10.10.115 - - [26/Feb/2019:03:51:41 +0000] \"GET /favicon.ico HTTP/1.1\" 404 24\n","level":"info"}
{"message":"::ffff:10.10.10.115 - - [26/Feb/2019:03:51:59 +0000] \"GET /pagamentos HTTP/1.1\" 200 1460\n","level":"info"}
{"message":"::ffff:10.10.10.115 - - [26/Feb/2019:03:52:20 +0000] \"GET /pagamentos/pagamento-1 HTTP/1.1\" 404 35\n","level":"info"}
{"message":"Consultando pagamento: 1","level":"info"}
{"message":"::ffff:10.10.10.115 - - [26/Feb/2019:03:54:10 +0000] \"GET /pagamentos/pagamento/1 HTTP/1.1\" - -\n","level":"info"}
